<?xml version="1.0" encoding="UTF-8"?>
<!-- Generated by org.testng.reporters.JUnitReportReporter -->
<testsuite hostname="Philomina" failures="0" tests="1" name="Entrata.testcases.ThirdcaseTest" time="4.462" errors="0" timestamp="2025-07-06T21:30:29 IST" skipped="0">
  <testcase classname="Entrata.testcases.ThirdcaseTest" name="verifyDemoform" time="4.462"/>
  <system-out/>
</testsuite> <!-- Entrata.testcases.ThirdcaseTest -->
