<?xml version="1.0" encoding="UTF-8"?>
<!-- Generated by org.testng.reporters.JUnitReportReporter -->
<testsuite hostname="Philomina" failures="0" tests="1" name="Entrata.testcases.FirstcaseTest" time="3.952" errors="0" timestamp="2025-07-05T14:09:25 IST" skipped="0">
  <testcase classname="Entrata.testcases.FirstcaseTest" name="verifyEntrataHomepage" time="3.952"/>
  <system-out/>
</testsuite> <!-- Entrata.testcases.FirstcaseTest -->
