<?xml version="1.0" encoding="UTF-8"?>
<!-- Generated by org.testng.reporters.JUnitReportReporter -->
<testsuite hostname="Philomina" failures="0" tests="1" name="Entrata.testcases.SecondcaseTest" time="48.791" errors="0" timestamp="2025-07-06T21:30:29 IST" skipped="0">
  <testcase classname="Entrata.testcases.SecondcaseTest" name="verifyResourcespage" time="48.791"/>
  <system-out/>
</testsuite> <!-- Entrata.testcases.SecondcaseTest -->
